android/app/build/intermediates/manifest_merge_blame_file/release/manifest-merger-blame-release-report.txt
1<?xml version="1.0" encoding="utf-8"?>
2<manifest xmlns:android="http://schemas.android.com/apk/res/android"
3    package="com.tapp3xapp"
4    android:versionCode="1"
5    android:versionName="1.0" >
6
7    <uses-sdk
8        android:minSdkVersion="18"
8-->src/main/AndroidManifest.xml
9        android:targetSdkVersion="28" />
9-->src/main/AndroidManifest.xml
10
11    <uses-permission android:name="android.permission.INTERNET" />
11-->src/main/AndroidManifest.xml:4:5-67
11-->src/main/AndroidManifest.xml:4:22-64
12    <uses-permission android:name="android.permission.BLUETOOTH" />
12-->src/main/AndroidManifest.xml:5:5-67
12-->src/main/AndroidManifest.xml:5:22-65
13    <uses-permission android:name="android.permission.BLUETOOTH_ADMIN" />
13-->src/main/AndroidManifest.xml:6:5-73
13-->src/main/AndroidManifest.xml:6:22-71
14
15    <uses-permission-sdk-23 android:name="android.permission.ACCESS_FINE_LOCATION" />
15-->src/main/AndroidManifest.xml:7:5-85
15-->src/main/AndroidManifest.xml:7:29-83
16
17    <uses-feature
17-->src/main/AndroidManifest.xml:11:5-89
18        android:name="android.hardware.bluetooth_le"
18-->src/main/AndroidManifest.xml:11:19-63
19        android:required="true" />
19-->src/main/AndroidManifest.xml:11:64-87
20
21    <!-- Start changes to allow push notifications -->
22    <uses-permission android:name="android.permission.VIBRATE" />
22-->src/main/AndroidManifest.xml:14:5-66
22-->src/main/AndroidManifest.xml:14:22-63
23    <uses-permission android:name="android.permission.RECEIVE_BOOT_COMPLETED" />
23-->src/main/AndroidManifest.xml:15:5-80
23-->src/main/AndroidManifest.xml:15:22-78
24    <uses-permission android:name="android.permission.WAKE_LOCK" />
24-->[:react-native-background-timer] AndroidManifest.xml:11:5-68
24-->[:react-native-background-timer] AndroidManifest.xml:11:22-65
25    <uses-permission android:name="android.permission.ACCESS_COARSE_LOCATION" /> <!-- Although the *SdkVersion is captured in gradle build files, this is required for non gradle builds -->
25-->[:react-native-ble-manager] AndroidManifest.xml:9:5-81
25-->[:react-native-ble-manager] AndroidManifest.xml:9:22-78
26    <!-- <uses-sdk android:minSdkVersion="14"/> -->
27    <uses-permission android:name="android.permission.ACCESS_NETWORK_STATE" />
27-->[com.google.android.datatransport:transport-backend-cct:2.2.0] AndroidManifest.xml:25:5-79
27-->[com.google.android.datatransport:transport-backend-cct:2.2.0] AndroidManifest.xml:25:22-76
28
29    <uses-permission-sdk-23 android:name="android.permission.ACCESS_COARSE_LOCATION" /> <!-- Required by older versions of Google Play services to create IID tokens -->
29-->[com.polidea.rxandroidble:rxandroidble:1.7.0] AndroidManifest.xml:14:5-88
29-->[com.polidea.rxandroidble:rxandroidble:1.7.0] AndroidManifest.xml:14:29-85
30    <uses-permission android:name="com.google.android.c2dm.permission.RECEIVE" /> <!-- for android -->
30-->[com.google.firebase:firebase-iid:20.3.0] AndroidManifest.xml:26:5-82
30-->[com.google.firebase:firebase-iid:20.3.0] AndroidManifest.xml:26:22-79
31    <!-- <uses-permission android:name="com.android.launcher.permission.READ_SETTINGS"/> -->
32    <!-- <uses-permission android:name="com.android.launcher.permission.WRITE_SETTINGS"/> -->
33    <!-- <uses-permission android:name="com.android.launcher.permission.INSTALL_SHORTCUT" /> -->
34    <!-- <uses-permission android:name="com.android.launcher.permission.UNINSTALL_SHORTCUT" /> -->
35    <!-- for Samsung -->
36    <uses-permission android:name="com.sec.android.provider.badge.permission.READ" />
36-->[me.leolin:ShortcutBadger:1.1.22] AndroidManifest.xml:19:5-86
36-->[me.leolin:ShortcutBadger:1.1.22] AndroidManifest.xml:19:22-83
37    <uses-permission android:name="com.sec.android.provider.badge.permission.WRITE" /> <!-- for htc -->
37-->[me.leolin:ShortcutBadger:1.1.22] AndroidManifest.xml:20:5-87
37-->[me.leolin:ShortcutBadger:1.1.22] AndroidManifest.xml:20:22-84
38    <uses-permission android:name="com.htc.launcher.permission.READ_SETTINGS" />
38-->[me.leolin:ShortcutBadger:1.1.22] AndroidManifest.xml:23:5-81
38-->[me.leolin:ShortcutBadger:1.1.22] AndroidManifest.xml:23:22-78
39    <uses-permission android:name="com.htc.launcher.permission.UPDATE_SHORTCUT" /> <!-- for sony -->
39-->[me.leolin:ShortcutBadger:1.1.22] AndroidManifest.xml:24:5-83
39-->[me.leolin:ShortcutBadger:1.1.22] AndroidManifest.xml:24:22-80
40    <uses-permission android:name="com.sonyericsson.home.permission.BROADCAST_BADGE" />
40-->[me.leolin:ShortcutBadger:1.1.22] AndroidManifest.xml:27:5-88
40-->[me.leolin:ShortcutBadger:1.1.22] AndroidManifest.xml:27:22-85
41    <uses-permission android:name="com.sonymobile.home.permission.PROVIDER_INSERT_BADGE" /> <!-- for apex -->
41-->[me.leolin:ShortcutBadger:1.1.22] AndroidManifest.xml:28:5-92
41-->[me.leolin:ShortcutBadger:1.1.22] AndroidManifest.xml:28:22-89
42    <uses-permission android:name="com.anddoes.launcher.permission.UPDATE_COUNT" /> <!-- for solid -->
42-->[me.leolin:ShortcutBadger:1.1.22] AndroidManifest.xml:31:5-84
42-->[me.leolin:ShortcutBadger:1.1.22] AndroidManifest.xml:31:22-81
43    <uses-permission android:name="com.majeur.launcher.permission.UPDATE_BADGE" /> <!-- for huawei -->
43-->[me.leolin:ShortcutBadger:1.1.22] AndroidManifest.xml:34:5-83
43-->[me.leolin:ShortcutBadger:1.1.22] AndroidManifest.xml:34:22-80
44    <uses-permission android:name="com.huawei.android.launcher.permission.CHANGE_BADGE" />
44-->[me.leolin:ShortcutBadger:1.1.22] AndroidManifest.xml:37:5-91
44-->[me.leolin:ShortcutBadger:1.1.22] AndroidManifest.xml:37:22-88
45    <uses-permission android:name="com.huawei.android.launcher.permission.READ_SETTINGS" />
45-->[me.leolin:ShortcutBadger:1.1.22] AndroidManifest.xml:38:5-92
45-->[me.leolin:ShortcutBadger:1.1.22] AndroidManifest.xml:38:22-89
46    <uses-permission android:name="com.huawei.android.launcher.permission.WRITE_SETTINGS" /> <!-- for ZUK -->
46-->[me.leolin:ShortcutBadger:1.1.22] AndroidManifest.xml:39:5-93
46-->[me.leolin:ShortcutBadger:1.1.22] AndroidManifest.xml:39:22-90
47    <uses-permission android:name="android.permission.READ_APP_BADGE" /> <!-- for OPPO -->
47-->[me.leolin:ShortcutBadger:1.1.22] AndroidManifest.xml:42:5-73
47-->[me.leolin:ShortcutBadger:1.1.22] AndroidManifest.xml:42:22-70
48    <uses-permission android:name="com.oppo.launcher.permission.READ_SETTINGS" />
48-->[me.leolin:ShortcutBadger:1.1.22] AndroidManifest.xml:45:5-82
48-->[me.leolin:ShortcutBadger:1.1.22] AndroidManifest.xml:45:22-79
49    <uses-permission android:name="com.oppo.launcher.permission.WRITE_SETTINGS" /> <!-- for EvMe -->
49-->[me.leolin:ShortcutBadger:1.1.22] AndroidManifest.xml:46:5-83
49-->[me.leolin:ShortcutBadger:1.1.22] AndroidManifest.xml:46:22-80
50    <uses-permission android:name="me.everything.badger.permission.BADGE_COUNT_READ" />
50-->[me.leolin:ShortcutBadger:1.1.22] AndroidManifest.xml:49:5-88
50-->[me.leolin:ShortcutBadger:1.1.22] AndroidManifest.xml:49:22-85
51    <uses-permission android:name="me.everything.badger.permission.BADGE_COUNT_WRITE" /> <!-- End changes to allow push notifications -->
51-->[me.leolin:ShortcutBadger:1.1.22] AndroidManifest.xml:50:5-89
51-->[me.leolin:ShortcutBadger:1.1.22] AndroidManifest.xml:50:22-86
52    <application
52-->src/main/AndroidManifest.xml:21:5-42:19
53        android:name="com.tapp3xapp.MainApplication"
53-->src/main/AndroidManifest.xml:22:7-38
54        android:allowBackup="false"
54-->src/main/AndroidManifest.xml:26:7-34
55        android:appComponentFactory="androidx.core.app.CoreComponentFactory"
55-->[androidx.core:core:1.1.0] AndroidManifest.xml:24:18-86
56        android:icon="@mipmap/ic_launcher"
56-->src/main/AndroidManifest.xml:24:7-41
57        android:label="@string/app_name"
57-->src/main/AndroidManifest.xml:23:7-39
58        android:roundIcon="@mipmap/ic_launcher_round"
58-->src/main/AndroidManifest.xml:25:7-52
59        android:theme="@style/AppTheme"
59-->src/main/AndroidManifest.xml:27:7-38
60        android:usesCleartextTraffic="true" >
60-->src/main/AndroidManifest.xml:28:7-42
61        <activity
61-->src/main/AndroidManifest.xml:29:7-39:18
62            android:name="com.tapp3xapp.MainActivity"
62-->src/main/AndroidManifest.xml:30:9-37
63            android:configChanges="keyboard|keyboardHidden|orientation|screenSize|uiMode"
63-->src/main/AndroidManifest.xml:32:9-86
64            android:label="@string/app_name"
64-->src/main/AndroidManifest.xml:31:9-41
65            android:launchMode="singleTask"
65-->src/main/AndroidManifest.xml:33:9-40
66            android:windowSoftInputMode="adjustResize" >
66-->src/main/AndroidManifest.xml:34:9-51
67            <intent-filter>
67-->src/main/AndroidManifest.xml:35:9-38:25
68                <action android:name="android.intent.action.MAIN" />
68-->src/main/AndroidManifest.xml:36:13-65
68-->src/main/AndroidManifest.xml:36:21-62
69
70                <category android:name="android.intent.category.LAUNCHER" />
70-->src/main/AndroidManifest.xml:37:13-73
70-->src/main/AndroidManifest.xml:37:23-70
71            </intent-filter>
72        </activity>
73        <activity android:name="com.facebook.react.devsupport.DevSettingsActivity" />
73-->src/main/AndroidManifest.xml:40:7-84
73-->src/main/AndroidManifest.xml:40:17-81
74
75        <!--
76             FirebaseMessagingService performs security checks at runtime,
77             but set to not exported to explicitly avoid allowing another app to call it.
78        -->
79        <service
79-->[com.google.firebase:firebase-messaging:20.3.0] AndroidManifest.xml:28:9-35:19
80            android:name="com.google.firebase.messaging.FirebaseMessagingService"
80-->[com.google.firebase:firebase-messaging:20.3.0] AndroidManifest.xml:29:13-82
81            android:directBootAware="true"
81-->[com.google.firebase:firebase-messaging:20.3.0] AndroidManifest.xml:30:13-43
82            android:exported="false" >
82-->[com.google.firebase:firebase-messaging:20.3.0] AndroidManifest.xml:31:13-37
83            <intent-filter android:priority="-500" >
83-->[com.google.firebase:firebase-messaging:20.3.0] AndroidManifest.xml:32:13-34:29
83-->[com.google.firebase:firebase-messaging:20.3.0] AndroidManifest.xml:32:28-51
84                <action android:name="com.google.firebase.MESSAGING_EVENT" />
84-->[com.google.firebase:firebase-messaging:20.3.0] AndroidManifest.xml:33:17-78
84-->[com.google.firebase:firebase-messaging:20.3.0] AndroidManifest.xml:33:25-75
85            </intent-filter>
86        </service>
87        <service
87-->[com.google.firebase:firebase-messaging:20.3.0] AndroidManifest.xml:36:9-42:19
88            android:name="com.google.firebase.components.ComponentDiscoveryService"
88-->[com.google.firebase:firebase-messaging:20.3.0] AndroidManifest.xml:37:13-84
89            android:directBootAware="true"
89-->[com.google.firebase:firebase-common:19.3.0] AndroidManifest.xml:34:13-43
90            android:exported="false" >
90-->[com.google.firebase:firebase-messaging:20.3.0] AndroidManifest.xml:38:13-37
91            <meta-data
91-->[com.google.firebase:firebase-messaging:20.3.0] AndroidManifest.xml:39:13-41:85
92                android:name="com.google.firebase.components:com.google.firebase.messaging.FirebaseMessagingRegistrar"
92-->[com.google.firebase:firebase-messaging:20.3.0] AndroidManifest.xml:40:17-119
93                android:value="com.google.firebase.components.ComponentRegistrar" />
93-->[com.google.firebase:firebase-messaging:20.3.0] AndroidManifest.xml:41:17-82
94            <meta-data
94-->[com.google.firebase:firebase-datatransport:17.0.3] AndroidManifest.xml:28:13-30:85
95                android:name="com.google.firebase.components:com.google.firebase.datatransport.TransportRegistrar"
95-->[com.google.firebase:firebase-datatransport:17.0.3] AndroidManifest.xml:29:17-115
96                android:value="com.google.firebase.components.ComponentRegistrar" />
96-->[com.google.firebase:firebase-datatransport:17.0.3] AndroidManifest.xml:30:17-82
97            <meta-data
97-->[com.google.firebase:firebase-iid:20.3.0] AndroidManifest.xml:32:13-34:85
98                android:name="com.google.firebase.components:com.google.firebase.iid.Registrar"
98-->[com.google.firebase:firebase-iid:20.3.0] AndroidManifest.xml:33:17-96
99                android:value="com.google.firebase.components.ComponentRegistrar" />
99-->[com.google.firebase:firebase-iid:20.3.0] AndroidManifest.xml:34:17-82
100            <meta-data
100-->[com.google.firebase:firebase-installations:16.3.3] AndroidManifest.xml:17:13-19:85
101                android:name="com.google.firebase.components:com.google.firebase.installations.FirebaseInstallationsRegistrar"
101-->[com.google.firebase:firebase-installations:16.3.3] AndroidManifest.xml:18:17-127
102                android:value="com.google.firebase.components.ComponentRegistrar" />
102-->[com.google.firebase:firebase-installations:16.3.3] AndroidManifest.xml:19:17-82
103        </service>
104        <service
104-->[com.google.android.datatransport:transport-backend-cct:2.2.0] AndroidManifest.xml:29:9-35:19
105            android:name="com.google.android.datatransport.runtime.backends.TransportBackendDiscovery"
105-->[com.google.android.datatransport:transport-backend-cct:2.2.0] AndroidManifest.xml:30:13-103
106            android:exported="false" >
106-->[com.google.android.datatransport:transport-backend-cct:2.2.0] AndroidManifest.xml:31:13-37
107            <meta-data
107-->[com.google.android.datatransport:transport-backend-cct:2.2.0] AndroidManifest.xml:32:13-34:39
108                android:name="backend:com.google.android.datatransport.cct.CctBackendFactory"
108-->[com.google.android.datatransport:transport-backend-cct:2.2.0] AndroidManifest.xml:33:17-94
109                android:value="cct" />
109-->[com.google.android.datatransport:transport-backend-cct:2.2.0] AndroidManifest.xml:34:17-36
110        </service>
111        <service
111-->[com.google.android.datatransport:transport-runtime:2.2.0] AndroidManifest.xml:26:9-30:19
112            android:name="com.google.android.datatransport.runtime.scheduling.jobscheduling.JobInfoSchedulerService"
112-->[com.google.android.datatransport:transport-runtime:2.2.0] AndroidManifest.xml:27:13-117
113            android:exported="false"
113-->[com.google.android.datatransport:transport-runtime:2.2.0] AndroidManifest.xml:28:13-37
114            android:permission="android.permission.BIND_JOB_SERVICE" >
114-->[com.google.android.datatransport:transport-runtime:2.2.0] AndroidManifest.xml:29:13-69
115        </service>
116
117        <receiver
117-->[com.google.android.datatransport:transport-runtime:2.2.0] AndroidManifest.xml:32:9-34:40
118            android:name="com.google.android.datatransport.runtime.scheduling.jobscheduling.AlarmManagerSchedulerBroadcastReceiver"
118-->[com.google.android.datatransport:transport-runtime:2.2.0] AndroidManifest.xml:33:13-132
119            android:exported="false" />
119-->[com.google.android.datatransport:transport-runtime:2.2.0] AndroidManifest.xml:34:13-37
120        <receiver
120-->[com.google.firebase:firebase-iid:20.3.0] AndroidManifest.xml:37:9-44:20
121            android:name="com.google.firebase.iid.FirebaseInstanceIdReceiver"
121-->[com.google.firebase:firebase-iid:20.3.0] AndroidManifest.xml:38:13-78
122            android:exported="true"
122-->[com.google.firebase:firebase-iid:20.3.0] AndroidManifest.xml:39:13-36
123            android:permission="com.google.android.c2dm.permission.SEND" >
123-->[com.google.firebase:firebase-iid:20.3.0] AndroidManifest.xml:40:13-73
124            <intent-filter>
124-->[com.google.firebase:firebase-iid:20.3.0] AndroidManifest.xml:41:13-43:29
125                <action android:name="com.google.android.c2dm.intent.RECEIVE" />
125-->[com.google.firebase:firebase-iid:20.3.0] AndroidManifest.xml:42:17-81
125-->[com.google.firebase:firebase-iid:20.3.0] AndroidManifest.xml:42:25-78
126            </intent-filter>
127        </receiver>
128
129        <provider
129-->[com.google.firebase:firebase-common:19.3.0] AndroidManifest.xml:26:9-30:39
130            android:name="com.google.firebase.provider.FirebaseInitProvider"
130-->[com.google.firebase:firebase-common:19.3.0] AndroidManifest.xml:27:13-77
131            android:authorities="com.tapp3xapp.firebaseinitprovider"
131-->[com.google.firebase:firebase-common:19.3.0] AndroidManifest.xml:28:13-72
132            android:exported="false"
132-->[com.google.firebase:firebase-common:19.3.0] AndroidManifest.xml:29:13-37
133            android:initOrder="100" />
133-->[com.google.firebase:firebase-common:19.3.0] AndroidManifest.xml:30:13-36
134
135        <activity
135-->[com.google.android.gms:play-services-base:17.0.0] AndroidManifest.xml:23:9-26:75
136            android:name="com.google.android.gms.common.api.GoogleApiActivity"
136-->[com.google.android.gms:play-services-base:17.0.0] AndroidManifest.xml:24:13-79
137            android:exported="false"
137-->[com.google.android.gms:play-services-base:17.0.0] AndroidManifest.xml:25:13-37
138            android:theme="@android:style/Theme.Translucent.NoTitleBar" />
138-->[com.google.android.gms:play-services-base:17.0.0] AndroidManifest.xml:26:13-72
139
140        <meta-data
140-->[com.google.android.gms:play-services-basement:17.0.0] AndroidManifest.xml:23:9-25:69
141            android:name="com.google.android.gms.version"
141-->[com.google.android.gms:play-services-basement:17.0.0] AndroidManifest.xml:24:13-58
142            android:value="@integer/google_play_services_version" />
142-->[com.google.android.gms:play-services-basement:17.0.0] AndroidManifest.xml:25:13-66
143    </application>
144
145</manifest>